make all --print-data-base --no-builtin-variables --no-builtin-rules --question
# GNU Make 4.3
# Built for x86_64-unknown-linux-gnu
# Copyright (C) 1988-2020 Free Software Foundation, Inc.
# License GPLv3+: GNU GPL version 3 or later <http://gnu.org/licenses/gpl.html>
# This is free software: you are free to change and redistribute it.
# There is NO WARRANTY, to the extent permitted by law.

# Make data base, printed on Mon Aug  1 17:14:23 2022

# Variables

# environment
GDK_BACKEND = x11
# environment
LC_ALL = C
# makefile (from 'Makefile', line 15)
SRC = minishell.c
# environment
GJS_DEBUG_OUTPUT = stderr
# environment
GNOME_KEYRING_CONTROL = /nfs/homes/mfreixo-/.cache/keyring-A9Y2P1
# environment
SBX_CHROME_API_RQ = 1
# environment
VSCODE_CWD = /nfs/homes/mfreixo-
 
# environment
LIBVIRT_DEFAULT_URI = qemu:///system
# default
MAKE_COMMAND := make
# environment
QT_ACCESSIBILITY = 1
# automatic
@D = $(patsubst %/,%,$(dir $@))
# environment
VSCODE_HANDLES_UNCAUGHT_ERRORS = true
# default
.VARIABLES := 
# environment
PWD = /nfs/homes/mfreixo-/minishell
# environment
ZYPAK_ZYGOTE_STRATEGY_SPAWN = 1
# automatic
%D = $(patsubst %/,%,$(dir $%))
# environment
GI_TYPELIB_PATH = /app/lib/girepository-1.0
# environment
XDG_DATA_DIRS = /app/share:/usr/share:/usr/share/runtime/share:/run/host/user-share:/run/host/share
# automatic
^D = $(patsubst %/,%,$(dir $^))
# automatic
%F = $(notdir $%)
# environment
VSCODE_CODE_CACHE_PATH = /nfs/homes/mfreixo-/.var/app/com.visualstudio.code/config/Code/CachedData/3b889b090b5ad5793f524b5d1d39fda662b96a2a
# environment
XDG_SESSION_PATH = /org/freedesktop/DisplayManager/Session1
# environment
LANG = C
# environment
XAUTHORITY = /run/flatpak/Xauthority
# default
.LOADED := 
# default
.INCLUDE_DIRS = /usr/include /usr/include
# environment
ALSA_CONFIG_DIR = /usr/share/alsa
# makefile
MAKEFLAGS = pqrR
# environment
ZYPAK_SPAWN_LATEST_ON_REEXEC = 0
# makefile (from 'Makefile', line 23)
DEP = ./libft/libft.a
# makefile
CURDIR := /nfs/homes/mfreixo-/minishell
# environment
APPLICATION_INSIGHTS_NO_DIAGNOSTIC_CHANNEL = 1
# automatic
*D = $(patsubst %/,%,$(dir $*))
# environment
ZYPAK_LIB = /app/bin/../lib
# environment
MFLAGS = -pqrR
# environment
SSH_AUTH_SOCK = /run/flatpak/ssh-auth
# default
.SHELLFLAGS := -c
# environment
XDG_CONFIG_DIRS = /app/etc/xdg:/etc/xdg
# automatic
+D = $(patsubst %/,%,$(dir $+))
# environment
ALSA_CONFIG_PATH = /usr/share/alsa/alsa-flatpak.conf
# environment
XDG_SESSION_DESKTOP = ubuntu
# makefile (from 'Makefile', line 1)
MAKEFILE_LIST := Makefile
# environment
FLATPAK_SANDBOX_DIR = /nfs/homes/mfreixo-/.var/app/com.visualstudio.code/sandbox
# automatic
@F = $(notdir $@)
# environment
VSCODE_PID = 23
# environment
KRB5CCNAME = FILE:/tmp/krb5cc_10709_j5zZ2L
# environment
XDG_SESSION_TYPE = x11
# automatic
?D = $(patsubst %/,%,$(dir $?))
# environment
AT_SPI_BUS_ADDRESS = unix:path=/run/flatpak/at-spi-bus
# makefile (from 'Makefile', line 21)
CCFLAGS = gcc -Wall -Wextra -Werror
# environment
XDG_DATA_HOME = /nfs/homes/mfreixo-/.var/app/com.visualstudio.code/data
# environment
SANDBOX_LD_PRELOAD = /app/bin/../lib/libzypak-preload-host.so:/app/bin/../lib/libzypak-preload-host-spawn-strategy.so
# environment
SESSION_MANAGER = local/c2r10s7.42lisboa.com:@/tmp/.ICE-unix/4362,unix/c2r10s7.42lisboa.com:/tmp/.ICE-unix/4362
# automatic
*F = $(notdir $*)
# environment
CHROME_DESKTOP = code-url-handler.desktop
# environment
DBUS_SESSION_BUS_ADDRESS = unix:path=/run/flatpak/bus
# makefile (from 'Makefile', line 19)
LIB = -L ./libft -lft
# automatic
<D = $(patsubst %/,%,$(dir $<))
# environment
VSCODE_NLS_CONFIG = {"locale":"en-us","availableLanguages":{},"_languagePackSupport":true}
# environment
__EGL_EXTERNAL_PLATFORM_CONFIG_DIRS = /etc/egl/egl_external_platform.d:/usr/lib/x86_64-linux-gnu/GL/egl/egl_external_platform.d:/usr/share/egl/egl_external_platform.d
# default
MAKE_HOST := x86_64-unknown-linux-gnu
# environment
GNOME_DESKTOP_SESSION_ID = this-is-deprecated
# makefile
SHELL = /bin/sh
# default
MAKECMDGOALS := all
# environment
XMODIFIERS = @im=ibus
# environment
LD_LIBRARY_PATH = /app/lib
# environment
GJS_DEBUG_TOPICS = JS ERROR;JS LOG
# environment
SANDBOX_LD_LIBRARY_PATH = /app/lib
# environment
SHLVL = 0
# environment
MAKELEVEL := 0
# default
MAKE = $(MAKE_COMMAND)
# environment
PATH = /app/bin:/app/bin:/app/bin:/usr/bin:/nfs/homes/mfreixo-/.var/app/com.visualstudio.code/data/node_modules/bin
# default
MAKEFILES := 
# automatic
^F = $(notdir $^)
# environment
DBUS_SYSTEM_BUS_ADDRESS = unix:path=/run/dbus/system_bus_socket
# makefile (from 'Makefile', line 17)
LIBFT_DIR = ./libft
# environment
XDG_CONFIG_HOME = /nfs/homes/mfreixo-/.var/app/com.visualstudio.code/config
# environment
DOCKER_HOST = unix:///run/user/10709/docker.sock
# automatic
?F = $(notdir $?)
# makefile (from 'Makefile', line 18)
INC = -I . -I ./libft/include/
# makefile (from 'Makefile', line 13)
NAME = minishell
# environment
XDG_CURRENT_DESKTOP = Unity
# automatic
+F = $(notdir $+)
# environment
XDG_SEAT_PATH = /org/freedesktop/DisplayManager/Seat0
# environment
DESKTOP_SESSION = ubuntu
# environment
GST_PLUGIN_SYSTEM_PATH = /app/lib/gstreamer-1.0:/usr/lib/extensions/gstreamer-1.0:/usr/lib/x86_64-linux-gnu/gstreamer-1.0
# environment
ORIGINAL_XDG_CURRENT_DESKTOP = ubuntu:GNOME
# 'override' directive
GNUMAKEFLAGS := 
# environment
LOGNAME = mfreixo-
# environment
container = flatpak
# environment
GIO_LAUNCHED_DESKTOP_FILE = /var/lib/flatpak/exports/share/applications/com.visualstudio.code.desktop
# makefile
.DEFAULT_GOAL := minishell
# makefile (from 'Makefile', line 25)
RM = rm -f
# environment
NPM_CONFIG_GLOBALCONFIG = /app/etc/npmrc
# environment
GTK_MODULES = gail:atk-bridge
# environment
USER = mfreixo-
# environment
DISPLAY = :99.0
# default
MAKE_VERSION := 4.3
# environment
GIO_LAUNCHED_DESKTOP_FILE_PID = 30197
# environment
SSH_AGENT_PID = 4460
# environment
_ = /usr/bin/make
# environment
XDG_RUNTIME_DIR = /run/user/10709
# environment
GPG_AGENT_INFO = /run/user/10709/gnupg/S.gpg-agent:0:1
# environment
VSCODE_AMD_ENTRYPOINT = vs/workbench/api/node/extensionHostProcess
# environment
HOME = /nfs/homes/mfreixo-
# environment
QT_IM_MODULE = ibus
# environment
ELECTRON_RUN_AS_NODE = 1
# environment
VSCODE_IPC_HOOK = /run/user/10709/vscode-a0c3b2ce-1.69.2-main.sock
# default
.RECIPEPREFIX := 
# automatic
<F = $(notdir $<)
# default
SUFFIXES := 
# environment
XDG_CACHE_HOME = /nfs/homes/mfreixo-/.var/app/com.visualstudio.code/cache
# environment
VSCODE_CLI = 1
# environment
ELECTRON_NO_ATTACH_CONSOLE = 1
# environment
XDG_GREETER_DATA_DIR = /var/lib/lightdm-data/mfreixo-
# default
.FEATURES := target-specific order-only second-expansion else-if shortest-stem undefine oneshell nocomment grouped-target extra-prereqs archives jobserver output-sync check-symlink load
# environment
FLATPAK_ID = com.visualstudio.code
# environment
XDG_MENU_PREFIX = gnome-
# environment
ZYPAK_BIN = /app/bin
# environment
GDMSESSION = ubuntu
# variable set hash-table stats:
# Load=120/1024=12%, Rehash=0, Collisions=16/151=11%

# Pattern-specific Variable Values

# No pattern-specific variable values.

# Directories

# . (device 64768, inode 2364016): 13 files, no impossibilities.

# 13 files, no impossibilities in 1 directories.

# Implicit Rules

# No implicit rules.

# Files

minishell: libft/libft.a
#  Implicit rule search has not been done.
#  Last modified 2022-08-01 17:09:28.118901384
#  File has been updated.
#  Successfully updated.
#  recipe to execute (from 'Makefile', line 28):
	@ $(CCFLAGS) $(INC) -D BUFFER_SIZE=10000 $(SRC) $(LIB) -o $(NAME)

# Not a target:
Makefile:
#  Implicit rule search has been done.
#  Last modified 2022-08-01 17:09:28.118901384
#  File has been updated.
#  Successfully updated.

submodule:
#  Implicit rule search has not been done.
#  Modification time never checked.
#  File has not been updated.
#  recipe to execute (from 'Makefile', line 39):
	@git submodule update --init --recursive

libft/libft.a:
#  Implicit rule search has not been done.
#  Last modified 2022-08-01 16:27:05.195592495
#  File has been updated.
#  Successfully updated.
#  recipe to execute (from 'Makefile', line 36):
	@make -s -C $(LIBFT_DIR)

clean:
#  Phony target (prerequisite of .PHONY).
#  Implicit rule search has not been done.
#  File does not exist.
#  File has not been updated.
#  recipe to execute (from 'Makefile', line 33):
	@ $(RM) $(NAME)

re: fclean all
#  Phony target (prerequisite of .PHONY).
#  Implicit rule search has not been done.
#  File does not exist.
#  File has not been updated.

# Not a target:
.DEFAULT:
#  Implicit rule search has not been done.
#  Modification time never checked.
#  File has not been updated.

all: minishell
#  Phony target (prerequisite of .PHONY).
#  Command line target.
#  Implicit rule search has not been done.
#  File does not exist.
#  File has been updated.
#  Successfully updated.

fclean: clean
#  Phony target (prerequisite of .PHONY).
#  Implicit rule search has not been done.
#  File does not exist.
#  File has not been updated.
 

.PHONY: clean fclean all re
#  Implicit rule search has not been done.
#  Modification time never checked.
#  File has not been updated.

# files hash-table stats:
# Load=11/1024=1%, Rehash=0, Collisions=0/32=0%
# VPATH Search Paths

# No 'vpath' search paths.

# No general ('VPATH' variable) search path.

# strcache buffers: 1 (0) / strings = 23 / storage = 189 B / avg = 8 B
# current buf: size = 8162 B / used = 189 B / count = 23 / avg = 8 B

# strcache performance: lookups = 46 / hit rate = 50%
# hash-table stats:
# Load=23/8192=0%, Rehash=0, Collisions=1/46=2%
# Finished Make data base on Mon Aug  1 17:14:23 2022

 
